2014-04-04 12:14:49.443 Xfinity Home[5638:70b] Multi-tasking -> Device: YES, App: YES
2014-04-04 12:14:52.398 Xfinity Home[5638:70b] Resetting plugins due to page load.
2014-04-04 12:14:53.008 Xfinity Home[5638:70b] Finished load of: file:///Users/Vlad/Library/Application%20Support/iPhone%20Simulator/7.1/Applications/C6129815-3350-40AF-A005-299CCD8D3FA4/Xfinity%20Home.app/www/index.html
2014-04-04 12:16:49.329 Xfinity Home[5840:70b] Multi-tasking -> Device: YES, App: YES
2014-04-04 12:16:49.504 Xfinity Home[5840:70b] Resetting plugins due to page load.
2014-04-04 12:16:49.672 Xfinity Home[5840:70b] Finished load of: file:///Users/Vlad/Library/Application%20Support/iPhone%20Simulator/7.1/Applications/C6129815-3350-40AF-A005-299CCD8D3FA4/Xfinity%20Home.app/www/index.html
2014-04-04 12:33:09.306 Xfinity Home[6135:70b] Multi-tasking -> Device: YES, App: YES
2014-04-04 12:33:09.701 Xfinity Home[6135:70b] Resetting plugins due to page load.
2014-04-04 12:33:09.950 Xfinity Home[6135:70b] Finished load of: file:///Users/Vlad/Library/Application%20Support/iPhone%20Simulator/7.1/Applications/9FCFE79B-A286-4F2B-ADE6-9C251AD2DD19/Xfinity%20Home.app/www/index.html
2014-04-04 12:36:15.214 Xfinity Home[6527:70b] Multi-tasking -> Device: YES, App: YES
2014-04-04 12:36:15.723 Xfinity Home[6527:70b] Resetting plugins due to page load.
2014-04-04 12:36:15.912 Xfinity Home[6527:70b] Finished load of: file:///Users/Vlad/Library/Application%20Support/iPhone%20Simulator/7.1/Applications/13299F66-EA9E-4EF0-9199-33F939B3E7BD/Xfinity%20Home.app/www/index.html
2014-04-04 12:38:33.209 Xfinity Home[6728:70b] Multi-tasking -> Device: YES, App: YES
2014-04-04 12:38:33.665 Xfinity Home[6728:70b] Resetting plugins due to page load.
2014-04-04 12:38:34.080 Xfinity Home[6728:70b] Finished load of: file:///Users/Vlad/Library/Application%20Support/iPhone%20Simulator/7.1/Applications/13299F66-EA9E-4EF0-9199-33F939B3E7BD/Xfinity%20Home.app/www/index.html
2014-04-04 12:39:17.781 Xfinity Home[6896:70b] Multi-tasking -> Device: YES, App: YES
2014-04-04 12:39:18.081 Xfinity Home[6896:70b] Resetting plugins due to page load.
2014-04-04 12:39:18.202 Xfinity Home[6896:70b] Finished load of: file:///Users/Vlad/Library/Application%20Support/iPhone%20Simulator/7.1/Applications/13299F66-EA9E-4EF0-9199-33F939B3E7BD/Xfinity%20Home.app/www/index.html
2014-04-04 12:48:02.463 Xfinity Home[7160:70b] Multi-tasking -> Device: YES, App: YES
2014-04-04 12:48:02.798 Xfinity Home[7160:70b] Resetting plugins due to page load.
2014-04-04 12:48:03.249 Xfinity Home[7160:70b] Finished load of: file:///Users/Vlad/Library/Application%20Support/iPhone%20Simulator/7.1/Applications/13299F66-EA9E-4EF0-9199-33F939B3E7BD/Xfinity%20Home.app/www/index.html
2014-04-04 14:56:09.588 Xfinity Home[7744:70b] Multi-tasking -> Device: YES, App: YES
2014-04-04 14:56:12.177 Xfinity Home[7744:70b] Resetting plugins due to page load.
2014-04-04 14:56:12.873 Xfinity Home[7744:70b] Finished load of: file:///Users/Vlad/Library/Application%20Support/iPhone%20Simulator/7.1/Applications/13299F66-EA9E-4EF0-9199-33F939B3E7BD/Xfinity%20Home.app/www/index.html
2014-04-04 14:58:09.899 Xfinity Home[8094:70b] Multi-tasking -> Device: YES, App: YES
2014-04-04 14:58:10.970 Xfinity Home[8094:70b] Resetting plugins due to page load.
2014-04-04 14:58:11.156 Xfinity Home[8094:70b] Finished load of: file:///Users/Vlad/Library/Application%20Support/iPhone%20Simulator/7.1/Applications/10113F16-9708-48EB-A0A9-A93F6CC3EFB5/Xfinity%20Home.app/www/index.html
2014-04-04 15:03:51.733 Xfinity Home[8360:70b] Multi-tasking -> Device: YES, App: YES
2014-04-04 15:03:53.703 Xfinity Home[8360:70b] Resetting plugins due to page load.
2014-04-04 15:03:54.330 Xfinity Home[8360:70b] Finished load of: file:///Users/Vlad/Library/Application%20Support/iPhone%20Simulator/7.1/Applications/10113F16-9708-48EB-A0A9-A93F6CC3EFB5/Xfinity%20Home.app/www/index.html
2014-04-04 15:11:55.543 Xfinity Home[8606:70b] Multi-tasking -> Device: YES, App: YES
2014-04-04 15:11:55.993 Xfinity Home[8606:70b] Resetting plugins due to page load.
2014-04-04 15:11:56.223 Xfinity Home[8606:70b] Finished load of: file:///Users/Vlad/Library/Application%20Support/iPhone%20Simulator/7.1/Applications/10113F16-9708-48EB-A0A9-A93F6CC3EFB5/Xfinity%20Home.app/www/index.html
